<?xml version="1.0" encoding="UTF-8"?>
<testsuite xmlns:xsi="http://www.w3.org/2001/XMLSchema-instance" xsi:noNamespaceSchemaLocation="https://maven.apache.org/surefire/maven-surefire-plugin/xsd/surefire-test-report-3.0.xsd" version="3.0" name="hellocucumber.UnitTests" time="0.298" tests="24" errors="0" skipped="0" failures="0">
  <properties>
[...]
</properties>
  <testcase name="numberOfBooksShouldBeOne" classname="hellocucumber.UnitTests" time="0.128"/>
  <testcase name="addOneVolumeShouldBeTrue" classname="hellocucumber.UnitTests" time="0.004"/>
  <testcase name="addTwoSetsOfVolumesShouldBeTrue" classname="hellocucumber.UnitTests" time="0.002"/>
  <testcase name="twoBooksShouldGetFivePercentDiscount" classname="hellocucumber.UnitTests" time="0.008"/>
  <testcase name="oneBookShouldGetNoDiscount" classname="hellocucumber.UnitTests" time="0.001"/>
  <testcase name="threeBooksShouldGetTenPercentDiscount" classname="hellocucumber.UnitTests" time="0.002"/>
  <testcase name="priceOfBookSetsShouldBe51EurosAnd60Cents" classname="hellocucumber.UnitTests" time="0.002"/>
  <testcase name="priceShouldBeThirty" classname="hellocucumber.UnitTests" time="0.018"/>
  <testcase name="fourBooksShouldGetTwentyPercentDiscount" classname="hellocucumber.UnitTests" time="0.001"/>
  <testcase name="negativeAmountOfBooksShouldThrowException" classname="hellocucumber.UnitTests" time="0.007"/>
  <testcase name="addOneVolumeToFullCartShouldBeFalse" classname="hellocucumber.UnitTests" time="0.004"/>
  <testcase name="noBooksShouldGetNoDiscount" classname="hellocucumber.UnitTests" time="0.002"/>
  <testcase name="addTwoSetsOfVolumesToFullCartShouldBeFalse" classname="hellocucumber.UnitTests" time="0.001"/>
  <testcase name="priceOfBookSetsShouldBeEight" classname="hellocucumber.UnitTests" time="0.001"/>
  <testcase name="priceOfBookSetsShouldBe51EurosAnd20Cents" classname="hellocucumber.UnitTests" time="0.004"/>
  <testcase name="setShouldBeFive" classname="hellocucumber.UnitTests" time="0.001"/>
  <testcase name="setShouldBeFour" classname="hellocucumber.UnitTests" time="0.001"/>
  <testcase name="numberOfBooksShouldBeTwelve" classname="hellocucumber.UnitTests" time="0.001"/>
  <testcase name="setShouldBeThree" classname="hellocucumber.UnitTests" time="0.002"/>
  <testcase name="fiveBooksShouldGetTwentyFivePercentDiscount" classname="hellocucumber.UnitTests" time="0.002"/>
  <testcase name="setShouldBeOne" classname="hellocucumber.UnitTests" time="0.001"/>
  <testcase name="priceShouldBe51EurosAnd20Cents" classname="hellocucumber.UnitTests" time="0.002"/>
  <testcase name="priceOfBookSetsShouldBeThirty" classname="hellocucumber.UnitTests" time="0.001"/>
  <testcase name="priceShouldBeEight" classname="hellocucumber.UnitTests" time="0.002"/>
</testsuite>